<?xml version="1.0" encoding="UTF-8"?>
<!-- Generated by org.testng.reporters.JUnitReportReporter -->
<testsuite hostname="DESKTOP-D0JLFQF" failures="0" tests="1" name="swaglab_DDF_07.TestClassSample" time="15.817" errors="0" timestamp="2023-01-28T16:49:03 IST" skipped="0">
  <testcase classname="swaglab_DDF_07.TestClassSample" name="m1" time="15.817"/>
  <system-out/>
</testsuite> <!-- swaglab_DDF_07.TestClassSample -->
